<?xml version="1.0" encoding="UTF-8"?>
<testng-results skipped="0" failed="0" ignored="4" total="5" passed="1">
  <reporter-output>
  </reporter-output>
  <suite name="Example test run" duration-ms="19001" started-at="2017-07-14T03:25:39Z" finished-at="2017-07-14T03:25:58Z">
    <groups>
    </groups>
    <test name="Simple Test" duration-ms="19001" started-at="2017-07-14T03:25:39Z" finished-at="2017-07-14T03:25:58Z">
      <class name="redbusWebsiteCalls.HomePageCalls">
        <test-method status="PASS" signature="before(java.lang.String)[pri:0, instance:redbusWebsiteCalls.HomePageCalls@685cb137]" name="before" is-config="true" duration-ms="6477" started-at="2017-07-14T08:55:33Z" finished-at="2017-07-14T08:55:39Z">
          <params>
            <param index="0">
              <value>
                <![CDATA[firefox]]>
              </value>
            </param>
          </params>
          <reporter-output>
          </reporter-output>
        </test-method> <!-- before -->
        <test-method status="PASS" signature="homePageBusTicketBookingCheck(java.lang.String, java.lang.String)[pri:4, instance:redbusWebsiteCalls.HomePageCalls@685cb137]" name="homePageBusTicketBookingCheck" duration-ms="18984" started-at="2017-07-14T08:55:39Z" data-provider="travelroute" finished-at="2017-07-14T08:55:58Z">
          <params>
            <param index="0">
              <value>
                <![CDATA[Chennai]]>
              </value>
            </param>
            <param index="1">
              <value>
                <![CDATA[Bengaluru]]>
              </value>
            </param>
          </params>
          <reporter-output>
          </reporter-output>
        </test-method> <!-- homePageBusTicketBookingCheck -->
        <test-method status="PASS" signature="after()[pri:0, instance:redbusWebsiteCalls.HomePageCalls@685cb137]" name="after" is-config="true" duration-ms="620" started-at="2017-07-14T08:55:58Z" finished-at="2017-07-14T08:55:59Z">
          <reporter-output>
          </reporter-output>
        </test-method> <!-- after -->
      </class> <!-- redbusWebsiteCalls.HomePageCalls -->
    </test> <!-- Simple Test -->
  </suite> <!-- Example test run -->
</testng-results>
