<?xml version="1.0" encoding="UTF-8"?>
<!-- Generated by org.testng.reporters.JUnitXMLReporter -->
<testsuite hostname="LAPTOP-CLA2OAMQ" ignored="4" name="Simple Test" tests="1" failures="0" timestamp="14 Jul 2017 03:25:58 GMT" time="19.001" errors="0">
  <testcase name="homePageBusTicketBookingCheck" time="18.984" classname="redbusWebsiteCalls.HomePageCalls"/>
  <testcase name="homePageBusTicketLinkCheck" time="0.0" classname="redbusWebsiteCalls.HomePageCalls">
    <ignored/>
  </testcase> <!-- homePageBusTicketLinkCheck -->
  <testcase name="homePageHotelLinkCheck" time="0.0" classname="redbusWebsiteCalls.HomePageCalls">
    <ignored/>
  </testcase> <!-- homePageHotelLinkCheck -->
  <testcase name="homePagePilgrimageLinkCheck" time="0.0" classname="redbusWebsiteCalls.HomePageCalls">
    <ignored/>
  </testcase> <!-- homePagePilgrimageLinkCheck -->
  <testcase name="homePageBusHireLinkCheck" time="0.0" classname="redbusWebsiteCalls.HomePageCalls">
    <ignored/>
  </testcase> <!-- homePageBusHireLinkCheck -->
</testsuite> <!-- Simple Test -->
